<?xml version="1.0" encoding="UTF-8"?>
<!-- Generated by org.testng.reporters.JUnitXMLReporter -->
<testsuite ignored="2" hostname="DESKTOP-65LSBDS" failures="0" tests="7" name="Test" time="0.089" errors="0" timestamp="22 Apr 2020 18:21:36 GMT">
  <testcase classname="TestNGwithRahul.Day2" name="PersonalLoan" time="0.007"/>
  <testcase classname="TestNGwithRahul.Day1" name="Test2" time="0.002"/>
  <testcase classname="TestNGwithRahul.Day4" name="MobileLoginHomeLoan" time="0.002"/>
  <testcase classname="TestNGwithRahul.Day4" name="APILoginHomeLoan" time="0.001"/>
  <testcase classname="TestNGwithRahul.Day3" name="APILoginCarLoan" time="0.002"/>
  <testcase classname="TestNGwithRahul.Day3" name="MobileLoginCarLoan" time="0.018"/>
  <testcase classname="TestNGwithRahul.Day3" name="WebLoginCarLoan" time="0.002"/>
  <testcase classname="TestNGwithRahul.Day4" name="WebLoginHomeLoan" time="0.0">
    <ignored/>
  </testcase> <!-- WebLoginHomeLoan -->
  <testcase classname="TestNGwithRahul.Day1" name="Test1" time="0.0">
    <ignored/>
  </testcase> <!-- Test1 -->
</testsuite> <!-- Test -->
