<?xml version="1.0" encoding="UTF-8"?>
<!-- Generated by org.testng.reporters.JUnitXMLReporter -->
<testsuite ignored="0" hostname="DESKTOP-65LSBDS" failures="0" tests="3" name="Car Loan" time="0.081" errors="0" timestamp="22 Apr 2020 20:09:52 GMT">
  <testcase classname="TestNGwithRahul.Day3" name="APILoginCarLoan" time="0.012"/>
  <testcase classname="TestNGwithRahul.Day3" name="MobileLoginCarLoan" time="0.015"/>
  <testcase classname="TestNGwithRahul.Day3" name="WebLoginCarLoan" time="0.004"/>
</testsuite> <!-- Car Loan -->
