<?xml version="1.0" encoding="UTF-8"?>
<!-- Generated by org.testng.reporters.JUnitXMLReporter -->
<testsuite ignored="1" hostname="DESKTOP-65LSBDS" failures="0" tests="2" name="Home Loan" time="0.012" errors="0" timestamp="22 Apr 2020 20:09:52 GMT">
  <testcase classname="TestNGwithRahul.Day4" name="MobileLoginHomeLoan" time="0.001"/>
  <testcase classname="TestNGwithRahul.Day4" name="APILoginHomeLoan" time="0.002"/>
  <testcase classname="TestNGwithRahul.Day4" name="WebLoginHomeLoan" time="0.0">
    <ignored/>
  </testcase> <!-- WebLoginHomeLoan -->
</testsuite> <!-- Home Loan -->
